0 info it worked if it ends with ok
1 verbose cli [ '/usr/bin/node',
1 verbose cli   '/usr/bin/npm',
1 verbose cli   'publish',
1 verbose cli   '--access',
1 verbose cli   'public' ]
2 info using npm@1.4.28
3 info using node@v0.10.37
4 verbose node symlink /usr/bin/node
5 verbose publish [ 'public' ]
6 verbose cache add [ 'public', null ]
7 verbose cache add name=undefined spec="public" args=["public",null]
8 verbose parsed url { protocol: null,
8 verbose parsed url   slashes: null,
8 verbose parsed url   auth: null,
8 verbose parsed url   host: null,
8 verbose parsed url   port: null,
8 verbose parsed url   hostname: null,
8 verbose parsed url   hash: null,
8 verbose parsed url   search: null,
8 verbose parsed url   query: null,
8 verbose parsed url   pathname: 'public',
8 verbose parsed url   path: 'public',
8 verbose parsed url   href: 'public' }
9 silly lockFile 61c9b2b1-public public
10 verbose lock public /home/zzz/.npm/61c9b2b1-public.lock
11 silly lockFile 61c9b2b1-public public
12 silly lockFile 61c9b2b1-public public
13 verbose addNamed [ 'public', '' ]
14 verbose addNamed [ null, '*' ]
15 silly lockFile 45dd3703-public public@
16 verbose lock public@ /home/zzz/.npm/45dd3703-public.lock
17 silly addNameRange { name: 'public', range: '*', hasData: false }
18 verbose request where is /public
19 verbose request registry https://registry.npmjs.org/
20 verbose request id 4ae47c67976a2cff
21 verbose url raw /public
22 verbose url resolving [ 'https://registry.npmjs.org/', './public' ]
23 verbose url resolved https://registry.npmjs.org/public
24 verbose request where is https://registry.npmjs.org/public
25 info trying registry request attempt 1 at 10:44:19
26 verbose etag "9Z7GUE97EUZCK0ZJUIWLF70LH"
27 http GET https://registry.npmjs.org/public
28 http 304 https://registry.npmjs.org/public
29 silly registry.get cb [ 304,
29 silly registry.get   { date: 'Fri, 04 Sep 2015 04:44:17 GMT',
29 silly registry.get     via: '1.1 varnish',
29 silly registry.get     'cache-control': 'max-age=60',
29 silly registry.get     etag: '"9Z7GUE97EUZCK0ZJUIWLF70LH"',
29 silly registry.get     age: '0',
29 silly registry.get     connection: 'keep-alive',
29 silly registry.get     'x-served-by': 'cache-ams4126-AMS',
29 silly registry.get     'x-cache': 'MISS',
29 silly registry.get     'x-cache-hits': '0',
29 silly registry.get     'x-timer': 'S1441341857.888762,VS0,VE655',
29 silly registry.get     vary: 'Accept' } ]
30 verbose etag https://registry.npmjs.org/public from cache
31 silly addNameRange number 2 { name: 'public', range: '*', hasData: true }
32 silly addNameRange versions [ 'public', [ '0.1.0', '0.1.1', '0.1.2' ] ]
33 verbose addNamed [ 'public', '0.1.2' ]
34 verbose addNamed [ '0.1.2', '0.1.2' ]
35 silly lockFile b7fb052f-public-0-1-2 public@0.1.2
36 verbose lock public@0.1.2 /home/zzz/.npm/b7fb052f-public-0-1-2.lock
37 silly lockFile b7fb052f-public-0-1-2 public@0.1.2
38 silly lockFile b7fb052f-public-0-1-2 public@0.1.2
39 silly lockFile 45dd3703-public public@
40 silly lockFile 45dd3703-public public@
41 silly publish { author:
41 silly publish    { name: 'tnantoka',
41 silly publish      email: 'bornneet@livedoor.com',
41 silly publish      url: 'http://blog.bornneet.com/' },
41 silly publish   name: 'public',
41 silly publish   description: 'Run http server hosting static files with specified public dir & port',
41 silly publish   version: '0.1.2',
41 silly publish   repository: { type: 'git', url: 'git://github.com/tnantoka/public.git' },
41 silly publish   engines: { node: '>= 0.4.11' },
41 silly publish   dependencies: { mime: '~1.2.4' },
41 silly publish   devDependencies: {},
41 silly publish   bin: { public: 'bin/public' },
41 silly publish   _npmUser: { name: 'tnantoka', email: 'bornneet@livedoor.com' },
41 silly publish   _id: 'public@0.1.2',
41 silly publish   optionalDependencies: {},
41 silly publish   _engineSupported: true,
41 silly publish   _npmVersion: '1.1.4',
41 silly publish   _nodeVersion: 'v0.6.2',
41 silly publish   _defaultsLoaded: true,
41 silly publish   dist:
41 silly publish    { shasum: 'd1b6adb5cac03418c81f318cfcd8d44cff5836dd',
41 silly publish      tarball: 'http://registry.npmjs.org/public/-/public-0.1.2.tgz' },
41 silly publish   maintainers: [ { name: 'tnantoka', email: 'bornneet@livedoor.com' } ],
41 silly publish   directories: {},
41 silly publish   _shasum: 'd1b6adb5cac03418c81f318cfcd8d44cff5836dd',
41 silly publish   _from: 'public@',
41 silly publish   _resolved: 'https://registry.npmjs.org/public/-/public-0.1.2.tgz',
41 silly publish   bugs: { url: 'https://github.com/tnantoka/public/issues' },
41 silly publish   readme: 'ERROR: No README data found!',
41 silly publish   homepage: 'https://github.com/tnantoka/public' }
42 info prepublish public@0.1.2
43 verbose request where is /public
44 verbose request registry https://registry.npmjs.org/
45 verbose url raw /public
46 verbose url resolving [ 'https://registry.npmjs.org/', './public' ]
47 verbose url resolved https://registry.npmjs.org/public
48 verbose request where is https://registry.npmjs.org/public
49 info trying registry request attempt 1 at 10:44:20
50 http PUT https://registry.npmjs.org/public
51 http 403 https://registry.npmjs.org/public
52 verbose headers { 'content-type': 'application/json',
52 verbose headers   'cache-control': 'max-age=60',
52 verbose headers   'content-length': '98',
52 verbose headers   'accept-ranges': 'bytes',
52 verbose headers   date: 'Fri, 04 Sep 2015 04:44:20 GMT',
52 verbose headers   via: '1.1 varnish',
52 verbose headers   connection: 'keep-alive',
52 verbose headers   'x-served-by': 'cache-ams4125-AMS',
52 verbose headers   'x-cache': 'MISS',
52 verbose headers   'x-cache-hits': '0',
52 verbose headers   'x-timer': 'S1441341858.944566,VS0,VE1190' }
53 error publish Failed PUT 403
54 error Error: You do not have permission to publish 'public'. Are you logged in as the correct user? : public
54 error     at RegClient.<anonymous> (/usr/lib/node_modules/npm/node_modules/npm-registry-client/lib/request.js:308:14)
54 error     at Request._callback (/usr/lib/node_modules/npm/node_modules/npm-registry-client/lib/request.js:246:65)
54 error     at Request.self.callback (/usr/lib/node_modules/npm/node_modules/request/request.js:236:22)
54 error     at Request.emit (events.js:98:17)
54 error     at Request.<anonymous> (/usr/lib/node_modules/npm/node_modules/request/request.js:1142:14)
54 error     at Request.emit (events.js:117:20)
54 error     at IncomingMessage.<anonymous> (/usr/lib/node_modules/npm/node_modules/request/request.js:1096:12)
54 error     at IncomingMessage.emit (events.js:117:20)
54 error     at _stream_readable.js:944:16
54 error     at process._tickCallback (node.js:448:13)
55 error If you need help, you may report this *entire* log,
55 error including the npm and node versions, at:
55 error     <http://github.com/npm/npm/issues>
56 error System Linux 3.13.0-61-generic
57 error command "/usr/bin/node" "/usr/bin/npm" "publish" "--access" "public"
58 error cwd /home/zzz/ws/webpack/imports-loader
59 error node -v v0.10.37
60 error npm -v 1.4.28
61 verbose exit [ 1, true ]
